ASSERTION	PATH	FORALL	TARGET	FAILED_REQUESTS	COUNT	CONDITION	IS	0
simulations.GoogleSearchSimulation	googlesearchsimulation	RUN	1492503054486	 	2.0
Google Home Page Scenario	2444521300581397291-0	USER	START	1492503054500	0
Google Home Page Scenario	2444521300581397291-1	USER	START	1492503054501	0
Google Home Page Scenario	2444521300581397291-2	USER	START	1492503054501	0
Google Home Page Scenario	2444521300581397291-3	USER	START	1492503054501	0
Google Home Page Scenario	2444521300581397291-4	USER	START	1492503054501	0
Google Home Page Scenario	2444521300581397291-5	USER	START	1492503054501	0
Google Home Page Scenario	2444521300581397291-6	USER	START	1492503054501	0
Google Home Page Scenario	2444521300581397291-7	USER	START	1492503054501	0
Google Home Page Scenario	2444521300581397291-8	USER	START	1492503054501	0
Google Home Page Scenario	2444521300581397291-9	USER	START	1492503054501	0
Google Home Page Scenario	2444521300581397291-10	USER	START	1492503054501	0
Google Home Page Scenario	2444521300581397291-11	USER	START	1492503054501	0
Google Home Page Scenario	2444521300581397291-12	USER	START	1492503054501	0
Google Home Page Scenario	2444521300581397291-13	USER	START	1492503054501	0
Google Home Page Scenario	2444521300581397291-14	USER	START	1492503054501	0
Google Home Page Scenario	2444521300581397291-15	USER	START	1492503054501	0
Google Home Page Scenario	2444521300581397291-16	USER	START	1492503054501	0
Google Home Page Scenario	2444521300581397291-17	USER	START	1492503054501	0
Google Home Page Scenario	2444521300581397291-18	USER	START	1492503054501	0
Google Home Page Scenario	2444521300581397291-19	USER	START	1492503054501	0
Google Home Page Scenario	2444521300581397291-20	USER	START	1492503054501	0
Google Home Page Scenario	2444521300581397291-21	USER	START	1492503054502	0
Google Home Page Scenario	2444521300581397291-22	USER	START	1492503054502	0
Google Home Page Scenario	2444521300581397291-23	USER	START	1492503054502	0
Google Home Page Scenario	2444521300581397291-24	USER	START	1492503054502	0
Google Home Page Scenario	2444521300581397291-25	USER	START	1492503054502	0
Google Home Page Scenario	2444521300581397291-26	USER	START	1492503054502	0
Google Home Page Scenario	2444521300581397291-27	USER	START	1492503054502	0
Google Home Page Scenario	2444521300581397291-28	USER	START	1492503054502	0
Google Home Page Scenario	2444521300581397291-29	USER	START	1492503054502	0
Google Home Page Scenario	2444521300581397291-30	USER	START	1492503054502	0
Google Home Page Scenario	2444521300581397291-31	USER	START	1492503054502	0
Google Home Page Scenario	2444521300581397291-32	USER	START	1492503054502	0
Google Home Page Scenario	2444521300581397291-33	USER	START	1492503054502	0
Google Home Page Scenario	2444521300581397291-34	USER	START	1492503054502	0
Google Home Page Scenario	2444521300581397291-35	USER	START	1492503054502	0
Google Home Page Scenario	2444521300581397291-36	USER	START	1492503054502	0
Google Home Page Scenario	2444521300581397291-37	USER	START	1492503054502	0
Google Home Page Scenario	2444521300581397291-38	USER	START	1492503054502	0
Google Home Page Scenario	2444521300581397291-39	USER	START	1492503054502	0
Google Home Page Scenario	2444521300581397291-40	USER	START	1492503054502	0
Google Home Page Scenario	2444521300581397291-41	USER	START	1492503054502	0
Google Home Page Scenario	2444521300581397291-42	USER	START	1492503054502	0
Google Home Page Scenario	2444521300581397291-43	USER	START	1492503054502	0
Google Home Page Scenario	2444521300581397291-44	USER	START	1492503054502	0
Google Home Page Scenario	2444521300581397291-45	USER	START	1492503054502	0
Google Home Page Scenario	2444521300581397291-46	USER	START	1492503054502	0
Google Home Page Scenario	2444521300581397291-47	USER	START	1492503054502	0
Google Home Page Scenario	2444521300581397291-48	USER	START	1492503054502	0
Google Home Page Scenario	2444521300581397291-49	USER	START	1492503054502	0
Google Home Page Scenario	2444521300581397291-0	REQUEST		Google	1492503054519	1492503054594	1492503054701	1492503054701	OK	 
Google Home Page Scenario	2444521300581397291-1	REQUEST		Google	1492503054541	1492503054602	1492503054706	1492503054706	OK	 
Google Home Page Scenario	2444521300581397291-2	REQUEST		Google	1492503054542	1492503054598	1492503054705	1492503054705	OK	 
Google Home Page Scenario	2444521300581397291-5	REQUEST		Google	1492503054543	1492503054632	1492503054732	1492503054732	OK	 
Google Home Page Scenario	2444521300581397291-4	REQUEST		Google	1492503054543	1492503054595	1492503054707	1492503054707	OK	 
Google Home Page Scenario	2444521300581397291-3	REQUEST		Google	1492503054542	1492503054594	1492503054703	1492503054703	OK	 
Google Home Page Scenario	2444521300581397291-26	REQUEST		Google	1492503054553	1492503054639	1492503054735	1492503054736	OK	 
Google Home Page Scenario	2444521300581397291-25	REQUEST		Google	1492503054553	1492503054639	1492503054738	1492503054738	OK	 
Google Home Page Scenario	2444521300581397291-32	REQUEST		Google	1492503054557	1492503054640	1492503054740	1492503054740	OK	 
Google Home Page Scenario	2444521300581397291-4	REQUEST		Google Redirect 1	1492503054737	1492503054738	1492503054744	1492503054744	OK	 
Google Home Page Scenario	2444521300581397291-5	REQUEST		Google Redirect 1	1492503054737	1492503054739	1492503054748	1492503054748	OK	 
Google Home Page Scenario	2444521300581397291-25	REQUEST		Google Redirect 1	1492503054740	1492503054740	1492503054748	1492503054748	OK	 
Google Home Page Scenario	2444521300581397291-1	REQUEST		Google Redirect 1	1492503054738	1492503054739	1492503054749	1492503054749	OK	 
Google Home Page Scenario	2444521300581397291-26	REQUEST		Google Redirect 1	1492503054738	1492503054739	1492503054749	1492503054749	OK	 
Google Home Page Scenario	2444521300581397291-3	REQUEST		Google Redirect 1	1492503054737	1492503054739	1492503054750	1492503054750	OK	 
Google Home Page Scenario	2444521300581397291-2	REQUEST		Google Redirect 1	1492503054738	1492503054739	1492503054750	1492503054750	OK	 
Google Home Page Scenario	2444521300581397291-32	REQUEST		Google Redirect 1	1492503054742	1492503054742	1492503054751	1492503054751	OK	 
Google Home Page Scenario	2444521300581397291-0	REQUEST		Google Redirect 1	1492503054738	1492503054739	1492503054752	1492503054752	OK	 
Google Home Page Scenario	2444521300581397291-8	REQUEST		Google	1492503054545	1492503054664	1492503054770	1492503054770	OK	 
Google Home Page Scenario	2444521300581397291-18	REQUEST		Google	1492503054549	1492503054670	1492503054774	1492503054775	OK	 
Google Home Page Scenario	2444521300581397291-17	REQUEST		Google	1492503054549	1492503054667	1492503054776	1492503054776	OK	 
Google Home Page Scenario	2444521300581397291-16	REQUEST		Google	1492503054548	1492503054666	1492503054774	1492503054774	OK	 
Google Home Page Scenario	2444521300581397291-23	REQUEST		Google	1492503054552	1492503054669	1492503054775	1492503054776	OK	 
Google Home Page Scenario	2444521300581397291-9	REQUEST		Google	1492503054545	1492503054670	1492503054777	1492503054778	OK	 
Google Home Page Scenario	2444521300581397291-8	REQUEST		Google Redirect 1	1492503054771	1492503054771	1492503054779	1492503054779	OK	 
Google Home Page Scenario	2444521300581397291-20	REQUEST		Google	1492503054550	1492503054671	1492503054779	1492503054779	OK	 
Google Home Page Scenario	2444521300581397291-21	REQUEST		Google	1492503054551	1492503054670	1492503054776	1492503054776	OK	 
Google Home Page Scenario	2444521300581397291-11	REQUEST		Google	1492503054546	1492503054667	1492503054782	1492503054782	OK	 
Google Home Page Scenario	2444521300581397291-49	REQUEST		Google	1492503054564	1492503054633	1492503054784	1492503054784	OK	 
Google Home Page Scenario	2444521300581397291-19	REQUEST		Google	1492503054550	1492503054668	1492503054784	1492503054784	OK	 
Google Home Page Scenario	2444521300581397291-13	REQUEST		Google	1492503054547	1492503054667	1492503054786	1492503054786	OK	 
Google Home Page Scenario	2444521300581397291-41	REQUEST		Google	1492503054561	1492503054688	1492503054794	1492503054794	OK	 
Google Home Page Scenario	2444521300581397291-18	REQUEST		Google Redirect 1	1492503054777	1492503054782	1492503054794	1492503054794	OK	 
Google Home Page Scenario	2444521300581397291-23	REQUEST		Google Redirect 1	1492503054778	1492503054782	1492503054795	1492503054795	OK	 
Google Home Page Scenario	2444521300581397291-36	REQUEST		Google	1492503054559	1492503054693	1492503054797	1492503054797	OK	 
Google Home Page Scenario	2444521300581397291-37	REQUEST		Google	1492503054559	1492503054695	1492503054797	1492503054797	OK	 
Google Home Page Scenario	2444521300581397291-31	REQUEST		Google	1492503054556	1492503054697	1492503054799	1492503054800	OK	 
Google Home Page Scenario	2444521300581397291-10	REQUEST		Google	1492503054545	1492503054668	1492503054783	1492503054783	OK	 
Google Home Page Scenario	2444521300581397291-45	REQUEST		Google	1492503054563	1492503054633	1492503054781	1492503054781	OK	 
Google Home Page Scenario	2444521300581397291-17	REQUEST		Google Redirect 1	1492503054779	1492503054782	1492503054798	1492503054798	OK	 
Google Home Page Scenario	2444521300581397291-44	REQUEST		Google	1492503054562	1492503054700	1492503054803	1492503054803	OK	 
Google Home Page Scenario	2444521300581397291-43	REQUEST		Google	1492503054562	1492503054699	1492503054805	1492503054805	OK	 
Google Home Page Scenario	2444521300581397291-6	REQUEST		Google	1492503054544	1492503054669	1492503054805	1492503054805	OK	 
Google Home Page Scenario	2444521300581397291-42	REQUEST		Google	1492503054561	1492503054700	1492503054811	1492503054811	OK	 
Google Home Page Scenario	2444521300581397291-34	REQUEST		Google	1492503054557	1492503054701	1492503054808	1492503054808	OK	 
Google Home Page Scenario	2444521300581397291-39	REQUEST		Google	1492503054560	1492503054694	1492503054812	1492503054812	OK	 
Google Home Page Scenario	2444521300581397291-46	REQUEST		Google	1492503054563	1492503054701	1492503054805	1492503054805	OK	 
Google Home Page Scenario	2444521300581397291-13	REQUEST		Google Redirect 1	1492503054797	1492503054819	1492503054828	1492503054828	OK	 
Google Home Page Scenario	2444521300581397291-38	REQUEST		Google	1492503054559	1492503054687	1492503054786	1492503054786	OK	 
Google Home Page Scenario	2444521300581397291-30	REQUEST		Google	1492503054556	1492503054692	1492503054827	1492503054827	OK	 
Google Home Page Scenario	2444521300581397291-27	REQUEST		Google	1492503054554	1492503054687	1492503054791	1492503054791	OK	 
Google Home Page Scenario	2444521300581397291-14	REQUEST		Google	1492503054547	1492503054687	1492503054790	1492503054790	OK	 
Google Home Page Scenario	2444521300581397291-35	REQUEST		Google	1492503054558	1492503054689	1492503054789	1492503054789	OK	 
Google Home Page Scenario	2444521300581397291-29	REQUEST		Google	1492503054555	1492503054688	1492503054790	1492503054790	OK	 
Google Home Page Scenario	2444521300581397291-33	REQUEST		Google	1492503054557	1492503054689	1492503054789	1492503054789	OK	 
Google Home Page Scenario	2444521300581397291-9	REQUEST		Google Redirect 1	1492503054780	1492503054780	1492503054787	1492503054787	OK	 
Google Home Page Scenario	2444521300581397291-28	REQUEST		Google	1492503054554	1492503054686	1492503054786	1492503054786	OK	 
Google Home Page Scenario	2444521300581397291-42	REQUEST		Google Redirect 1	1492503054820	1492503054821	1492503054830	1492503054830	OK	 
Google Home Page Scenario	2444521300581397291-7	REQUEST		Google	1492503054544	1492503054693	1492503054815	1492503054815	OK	 
Google Home Page Scenario	2444521300581397291-47	REQUEST		Google	1492503054564	1492503054696	1492503054813	1492503054813	OK	 
Google Home Page Scenario	2444521300581397291-41	REQUEST		Google Redirect 1	1492503054813	1492503054819	1492503054826	1492503054826	OK	 
Google Home Page Scenario	2444521300581397291-48	REQUEST		Google	1492503054564	1492503054695	1492503054815	1492503054815	OK	 
Google Home Page Scenario	2444521300581397291-10	REQUEST		Google Redirect 1	1492503054817	1492503054820	1492503054839	1492503054839	OK	 
Google Home Page Scenario	2444521300581397291-21	REQUEST		Google Redirect 1	1492503054817	1492503054820	1492503054830	1492503054830	OK	 
Google Home Page Scenario	2444521300581397291-19	REQUEST		Google Redirect 1	1492503054792	1492503054822	1492503054840	1492503054840	OK	 
Google Home Page Scenario	2444521300581397291-31	REQUEST		Google Redirect 1	1492503054814	1492503054822	1492503054842	1492503054842	OK	 
Google Home Page Scenario	2444521300581397291-11	REQUEST		Google Redirect 1	1492503054785	1492503054822	1492503054844	1492503054844	OK	 
Google Home Page Scenario	2444521300581397291-49	REQUEST		Google Redirect 1	1492503054789	1492503054822	1492503054844	1492503054844	OK	 
Google Home Page Scenario	2444521300581397291-39	REQUEST		Google Redirect 1	1492503054820	1492503054823	1492503054845	1492503054845	OK	 
Google Home Page Scenario	2444521300581397291-6	REQUEST		Google Redirect 1	1492503054819	1492503054823	1492503054845	1492503054845	OK	 
Google Home Page Scenario	2444521300581397291-46	REQUEST		Google Redirect 1	1492503054820	1492503054823	1492503054847	1492503054847	OK	 
Google Home Page Scenario	2444521300581397291-44	REQUEST		Google Redirect 1	1492503054819	1492503054822	1492503054847	1492503054847	OK	 
Google Home Page Scenario	2444521300581397291-34	REQUEST		Google Redirect 1	1492503054820	1492503054823	1492503054848	1492503054848	OK	 
Google Home Page Scenario	2444521300581397291-14	REQUEST		Google Redirect 1	1492503054836	1492503054843	1492503054852	1492503054852	OK	 
Google Home Page Scenario	2444521300581397291-7	REQUEST		Google Redirect 1	1492503054838	1492503054842	1492503054852	1492503054852	OK	 
Google Home Page Scenario	2444521300581397291-16	REQUEST		Google Redirect 1	1492503054778	1492503054794	1492503054816	1492503054816	OK	 
Google Home Page Scenario	2444521300581397291-45	REQUEST		Google Redirect 1	1492503054817	1492503054818	1492503054827	1492503054827	OK	 
Google Home Page Scenario	2444521300581397291-24	REQUEST		Google	1492503054552	1492503054705	1492503054814	1492503054814	OK	 
Google Home Page Scenario	2444521300581397291-22	REQUEST		Google	1492503054551	1492503054686	1492503054792	1492503054792	OK	 
Google Home Page Scenario	2444521300581397291-27	REQUEST		Google Redirect 1	1492503054836	1492503054854	1492503054854	1492503054854	OK	 
Google Home Page Scenario	2444521300581397291-40	REQUEST		Google	1492503054560	1492503054698	1492503054803	1492503054803	OK	 
Google Home Page Scenario	2444521300581397291-38	REQUEST		Google Redirect 1	1492503054836	1492503054842	1492503054852	1492503054852	OK	 
Google Home Page Scenario	2444521300581397291-30	REQUEST		Google Redirect 1	1492503054836	1492503054843	1492503054854	1492503054854	OK	 
Google Home Page Scenario	2444521300581397291-43	REQUEST		Google Redirect 1	1492503054819	1492503054822	1492503054852	1492503054852	OK	 
Google Home Page Scenario	2444521300581397291-36	REQUEST		Google Redirect 1	1492503054814	1492503054818	1492503054827	1492503054827	OK	 
Google Home Page Scenario	2444521300581397291-20	REQUEST		Google Redirect 1	1492503054780	1492503054818	1492503054825	1492503054825	OK	 
Google Home Page Scenario	2444521300581397291-33	REQUEST		Google Redirect 1	1492503054837	1492503054842	1492503054852	1492503054852	OK	 
Google Home Page Scenario	2444521300581397291-37	REQUEST		Google Redirect 1	1492503054814	1492503054820	1492503054843	1492503054843	OK	 
Google Home Page Scenario	2444521300581397291-15	REQUEST		Google	1492503054548	1492503054667	1492503054853	1492503054853	OK	 
Google Home Page Scenario	2444521300581397291-48	REQUEST		Google Redirect 1	1492503054838	1492503054851	1492503054858	1492503054858	OK	 
Google Home Page Scenario	2444521300581397291-28	REQUEST		Google Redirect 1	1492503054837	1492503054854	1492503054861	1492503054861	OK	 
Google Home Page Scenario	2444521300581397291-29	REQUEST		Google Redirect 1	1492503054837	1492503054854	1492503054861	1492503054861	OK	 
Google Home Page Scenario	2444521300581397291-40	REQUEST		Google Redirect 1	1492503054856	1492503054856	1492503054863	1492503054863	OK	 
Google Home Page Scenario	2444521300581397291-22	REQUEST		Google Redirect 1	1492503054856	1492503054856	1492503054863	1492503054863	OK	 
Google Home Page Scenario	2444521300581397291-24	REQUEST		Google Redirect 1	1492503054856	1492503054856	1492503054863	1492503054863	OK	 
Google Home Page Scenario	2444521300581397291-35	REQUEST		Google Redirect 1	1492503054855	1492503054856	1492503054864	1492503054864	OK	 
Google Home Page Scenario	2444521300581397291-47	REQUEST		Google Redirect 1	1492503054855	1492503054856	1492503054864	1492503054864	OK	 
Google Home Page Scenario	2444521300581397291-15	REQUEST		Google Redirect 1	1492503054858	1492503054858	1492503054865	1492503054865	OK	 
Google Home Page Scenario	2444521300581397291-12	REQUEST		Google	1492503054547	1492503054666	1492503054922	1492503054922	OK	 
Google Home Page Scenario	2444521300581397291-12	REQUEST		Google Redirect 1	1492503054924	1492503054925	1492503054931	1492503054931	OK	 
Google Home Page Scenario	2444521300581397291-41	REQUEST		Google Redirect 2	1492503054837	1492503056426	1492503056915	1492503057722	OK	 
Google Home Page Scenario	2444521300581397291-15	REQUEST		Google Redirect 2	1492503054866	1492503056431	1492503056917	1492503057740	OK	 
Google Home Page Scenario	2444521300581397291-41	USER	END	1492503054502	1492503057743
Google Home Page Scenario	2444521300581397291-15	USER	END	1492503054501	1492503057744
Google Home Page Scenario	2444521300581397291-13	REQUEST		Google Redirect 2	1492503054829	1492503056427	1492503056916	1492503057745	OK	 
Google Home Page Scenario	2444521300581397291-4	REQUEST		Google Redirect 2	1492503054744	1492503056423	1492503056913	1492503057745	OK	 
Google Home Page Scenario	2444521300581397291-13	USER	END	1492503054501	1492503057746
Google Home Page Scenario	2444521300581397291-4	USER	END	1492503054501	1492503057748
Google Home Page Scenario	2444521300581397291-25	REQUEST		Google Redirect 2	1492503054749	1492503056425	1492503056916	1492503057748	OK	 
Google Home Page Scenario	2444521300581397291-25	USER	END	1492503054502	1492503057750
Google Home Page Scenario	2444521300581397291-47	REQUEST		Google Redirect 2	1492503054864	1492503056432	1492503056919	1492503057760	OK	 
Google Home Page Scenario	2444521300581397291-47	USER	END	1492503054502	1492503057762
Google Home Page Scenario	2444521300581397291-5	REQUEST		Google Redirect 2	1492503054748	1492503056421	1492503056913	1492503057774	OK	 
Google Home Page Scenario	2444521300581397291-26	REQUEST		Google Redirect 2	1492503054750	1492503056426	1492503056917	1492503057774	OK	 
Google Home Page Scenario	2444521300581397291-26	USER	END	1492503054502	1492503057777
Google Home Page Scenario	2444521300581397291-10	REQUEST		Google Redirect 2	1492503054840	1492503056426	1492503056913	1492503057776	OK	 
Google Home Page Scenario	2444521300581397291-5	USER	END	1492503054501	1492503057778
Google Home Page Scenario	2444521300581397291-10	USER	END	1492503054501	1492503057780
Google Home Page Scenario	2444521300581397291-31	REQUEST		Google Redirect 2	1492503054848	1492503056437	1492503056922	1492503057789	OK	 
Google Home Page Scenario	2444521300581397291-31	USER	END	1492503054502	1492503057791
Google Home Page Scenario	2444521300581397291-6	REQUEST		Google Redirect 2	1492503054852	1492503056440	1492503056924	1492503057791	OK	 
Google Home Page Scenario	2444521300581397291-6	USER	END	1492503054501	1492503057793
Google Home Page Scenario	2444521300581397291-32	REQUEST		Google Redirect 2	1492503054752	1492503056431	1492503056919	1492503057801	OK	 
Google Home Page Scenario	2444521300581397291-32	USER	END	1492503054502	1492503057802
Google Home Page Scenario	2444521300581397291-27	REQUEST		Google Redirect 2	1492503054855	1492503056447	1492503056931	1492503057806	OK	 
Google Home Page Scenario	2444521300581397291-27	USER	END	1492503054502	1492503057807
Google Home Page Scenario	2444521300581397291-24	REQUEST		Google Redirect 2	1492503054864	1492503056435	1492503056919	1492503058039	OK	 
Google Home Page Scenario	2444521300581397291-24	USER	END	1492503054502	1492503058041
Google Home Page Scenario	2444521300581397291-2	REQUEST		Google Redirect 2	1492503054751	1492503056432	1492503056923	1492503058081	OK	 
Google Home Page Scenario	2444521300581397291-2	USER	END	1492503054501	1492503058083
Google Home Page Scenario	2444521300581397291-22	REQUEST		Google Redirect 2	1492503054864	1492503056433	1492503056922	1492503058084	OK	 
Google Home Page Scenario	2444521300581397291-34	REQUEST		Google Redirect 2	1492503054853	1492503056432	1492503056917	1492503058084	OK	 
Google Home Page Scenario	2444521300581397291-22	USER	END	1492503054502	1492503058085
Google Home Page Scenario	2444521300581397291-34	USER	END	1492503054502	1492503058086
Google Home Page Scenario	2444521300581397291-1	REQUEST		Google Redirect 2	1492503054750	1492503056435	1492503056922	1492503058103	OK	 
Google Home Page Scenario	2444521300581397291-1	USER	END	1492503054501	1492503058104
Google Home Page Scenario	2444521300581397291-48	REQUEST		Google Redirect 2	1492503054859	1492503056433	1492503056950	1492503058140	OK	 
Google Home Page Scenario	2444521300581397291-48	USER	END	1492503054502	1492503058141
Google Home Page Scenario	2444521300581397291-23	REQUEST		Google Redirect 2	1492503054811	1492503056434	1492503056919	1492503058152	OK	 
Google Home Page Scenario	2444521300581397291-23	USER	END	1492503054502	1492503058154
Google Home Page Scenario	2444521300581397291-20	REQUEST		Google Redirect 2	1492503054856	1492503056442	1492503056930	1492503058165	OK	 
Google Home Page Scenario	2444521300581397291-20	USER	END	1492503054501	1492503058166
Google Home Page Scenario	2444521300581397291-49	REQUEST		Google Redirect 2	1492503054852	1492503056437	1492503056922	1492503058172	OK	 
Google Home Page Scenario	2444521300581397291-49	USER	END	1492503054502	1492503058174
Google Home Page Scenario	2444521300581397291-43	REQUEST		Google Redirect 2	1492503054856	1492503056433	1492503056930	1492503058240	OK	 
Google Home Page Scenario	2444521300581397291-43	USER	END	1492503054502	1492503058241
Google Home Page Scenario	2444521300581397291-11	REQUEST		Google Redirect 2	1492503054852	1492503056438	1492503056931	1492503058407	OK	 
Google Home Page Scenario	2444521300581397291-11	USER	END	1492503054501	1492503058409
Google Home Page Scenario	2444521300581397291-45	REQUEST		Google Redirect 2	1492503054855	1492503056440	1492503056929	1492503058408	OK	 
Google Home Page Scenario	2444521300581397291-45	USER	END	1492503054502	1492503058409
Google Home Page Scenario	2444521300581397291-21	REQUEST		Google Redirect 2	1492503054840	1492503056439	1492503057732	1492503058463	OK	 
Google Home Page Scenario	2444521300581397291-21	USER	END	1492503054502	1492503058464
Google Home Page Scenario	2444521300581397291-30	REQUEST		Google Redirect 2	1492503054855	1492503056434	1492503056929	1492503058480	OK	 
Google Home Page Scenario	2444521300581397291-30	USER	END	1492503054502	1492503058481
Google Home Page Scenario	2444521300581397291-28	REQUEST		Google Redirect 2	1492503054862	1492503056437	1492503056932	1492503058526	OK	 
Google Home Page Scenario	2444521300581397291-28	USER	END	1492503054502	1492503058528
Google Home Page Scenario	2444521300581397291-44	REQUEST		Google Redirect 2	1492503054853	1492503056446	1492503056929	1492503058546	OK	 
Google Home Page Scenario	2444521300581397291-44	USER	END	1492503054502	1492503058547
Google Home Page Scenario	2444521300581397291-0	REQUEST		Google Redirect 2	1492503054753	1492503056436	1492503057337	1492503058552	OK	 
Google Home Page Scenario	2444521300581397291-0	USER	END	1492503054500	1492503058553
Google Home Page Scenario	2444521300581397291-9	REQUEST		Google Redirect 2	1492503054835	1492503056443	1492503056932	1492503058553	OK	 
Google Home Page Scenario	2444521300581397291-14	REQUEST		Google Redirect 2	1492503054854	1492503056442	1492503056930	1492503058554	OK	 
Google Home Page Scenario	2444521300581397291-9	USER	END	1492503054501	1492503058554
Google Home Page Scenario	2444521300581397291-14	USER	END	1492503054501	1492503058554
Google Home Page Scenario	2444521300581397291-29	REQUEST		Google Redirect 2	1492503054862	1492503056444	1492503057345	1492503058555	OK	 
Google Home Page Scenario	2444521300581397291-29	USER	END	1492503054502	1492503058556
Google Home Page Scenario	2444521300581397291-39	REQUEST		Google Redirect 2	1492503054852	1492503056441	1492503056931	1492503058560	OK	 
Google Home Page Scenario	2444521300581397291-39	USER	END	1492503054502	1492503058561
Google Home Page Scenario	2444521300581397291-8	REQUEST		Google Redirect 2	1492503054780	1492503056444	1492503057338	1492503058561	OK	 
Google Home Page Scenario	2444521300581397291-8	USER	END	1492503054501	1492503058562
Google Home Page Scenario	2444521300581397291-12	REQUEST		Google Redirect 2	1492503054932	1492503056446	1492503057345	1492503058562	OK	 
Google Home Page Scenario	2444521300581397291-12	USER	END	1492503054501	1492503058564
Google Home Page Scenario	2444521300581397291-40	REQUEST		Google Redirect 2	1492503054863	1492503056444	1492503056930	1492503058583	OK	 
Google Home Page Scenario	2444521300581397291-40	USER	END	1492503054502	1492503058584
Google Home Page Scenario	2444521300581397291-42	REQUEST		Google Redirect 2	1492503054835	1492503056444	1492503057343	1492503058590	OK	 
Google Home Page Scenario	2444521300581397291-42	USER	END	1492503054502	1492503058591
Google Home Page Scenario	2444521300581397291-17	REQUEST		Google Redirect 2	1492503054818	1492503056438	1492503056932	1492503058591	OK	 
Google Home Page Scenario	2444521300581397291-17	USER	END	1492503054501	1492503058592
Google Home Page Scenario	2444521300581397291-37	REQUEST		Google Redirect 2	1492503054856	1492503056444	1492503056932	1492503058594	OK	 
Google Home Page Scenario	2444521300581397291-37	USER	END	1492503054502	1492503058595
Google Home Page Scenario	2444521300581397291-19	REQUEST		Google Redirect 2	1492503054841	1492503056441	1492503057700	1492503058595	OK	 
Google Home Page Scenario	2444521300581397291-19	USER	END	1492503054501	1492503058596
Google Home Page Scenario	2444521300581397291-38	REQUEST		Google Redirect 2	1492503054855	1492503056444	1492503056929	1492503058604	OK	 
Google Home Page Scenario	2444521300581397291-38	USER	END	1492503054502	1492503058605
Google Home Page Scenario	2444521300581397291-35	REQUEST		Google Redirect 2	1492503054864	1492503056445	1492503056930	1492503058607	OK	 
Google Home Page Scenario	2444521300581397291-35	USER	END	1492503054502	1492503058608
Google Home Page Scenario	2444521300581397291-7	REQUEST		Google Redirect 2	1492503054854	1492503056438	1492503056928	1492503058622	OK	 
Google Home Page Scenario	2444521300581397291-7	USER	END	1492503054501	1492503058623
Google Home Page Scenario	2444521300581397291-16	REQUEST		Google Redirect 2	1492503054854	1492503056445	1492503057712	1492503058662	OK	 
Google Home Page Scenario	2444521300581397291-16	USER	END	1492503054501	1492503058664
Google Home Page Scenario	2444521300581397291-33	REQUEST		Google Redirect 2	1492503054856	1492503056445	1492503056929	1492503058698	OK	 
Google Home Page Scenario	2444521300581397291-33	USER	END	1492503054502	1492503058699
Google Home Page Scenario	2444521300581397291-36	REQUEST		Google Redirect 2	1492503054856	1492503056435	1492503057319	1492503058756	OK	 
Google Home Page Scenario	2444521300581397291-36	USER	END	1492503054502	1492503058757
Google Home Page Scenario	2444521300581397291-46	REQUEST		Google Redirect 2	1492503054852	1492503056443	1492503057711	1492503058906	OK	 
Google Home Page Scenario	2444521300581397291-46	USER	END	1492503054502	1492503058907
Google Home Page Scenario	2444521300581397291-3	REQUEST		Google Redirect 2	1492503054751	1492503056447	1492503056930	1492503058931	OK	 
Google Home Page Scenario	2444521300581397291-3	USER	END	1492503054501	1492503058934
Google Home Page Scenario	2444521300581397291-18	REQUEST		Google Redirect 2	1492503054807	1492503056444	1492503056930	1492503059379	OK	 
Google Home Page Scenario	2444521300581397291-18	USER	END	1492503054501	1492503059381
